{
  "RSpec": {
    "coverage": {
      "/Users/moaizabrar/Desktop/UIowa/Uiowa_Fall_2025/SELT/SELT_Project/giftwiseproject-selt_2025_team_06/app/helpers/application_helper.rb": {
        "lines": [
          1,
          null
        ],
        "branches": {
        }
      },
      "/Users/moaizabrar/Desktop/UIowa/Uiowa_Fall_2025/SELT/SELT_Project/giftwiseproject-selt_2025_team_06/app/controllers/events_controller.rb": {
        "lines": [
          null,
          1,
          null,
          null,
          null,
          null,
          1,
          null,
          null,
          null,
          null,
          1,
          null,
          null,
          null,
          1,
          2,
          2,
          2,
          2,
          2,
          null,
          2,
          1,
          1,
          null,
          1,
          1,
          1,
          1,
          null,
          0,
          0,
          null,
          null,
          null
        ],
        "branches": {
          "[:if, 0, 23, 4, 26, 7]": {
            "[:then, 1, 24, 6, 25, 43]": 1,
            "[:else, 2, 23, 4, 26, 7]": 1
          },
          "[:if, 3, 28, 4, 34, 7]": {
            "[:then, 4, 29, 6, 30, 29]": 1,
            "[:else, 5, 32, 6, 33, 32]": 0
          }
        }
      },
      "/Users/moaizabrar/Desktop/UIowa/Uiowa_Fall_2025/SELT/SELT_Project/giftwiseproject-selt_2025_team_06/app/controllers/application_controller.rb": {
        "lines": [
          1,
          1,
          null,
          1,
          0,
          null,
          null,
          1,
          0,
          null,
          null,
          1,
          0,
          0,
          0,
          null,
          null,
          null
        ],
        "branches": {
          "[:if, 0, 5, 4, 5, 78]": {
            "[:then, 1, 5, 4, 5, 57]": 0,
            "[:else, 2, 5, 4, 5, 78]": 0
          },
          "[:unless, 3, 13, 4, 16, 7]": {
            "[:else, 4, 13, 4, 16, 7]": 0,
            "[:then, 5, 14, 6, 15, 28]": 0
          }
        }
      },
      "/Users/moaizabrar/Desktop/UIowa/Uiowa_Fall_2025/SELT/SELT_Project/giftwiseproject-selt_2025_team_06/app/models/event.rb": {
        "lines": [
          1,
          null,
          null
        ],
        "branches": {
        }
      },
      "/Users/moaizabrar/Desktop/UIowa/Uiowa_Fall_2025/SELT/SELT_Project/giftwiseproject-selt_2025_team_06/app/models/application_record.rb": {
        "lines": [
          1,
          1,
          null
        ],
        "branches": {
        }
      },
      "/Users/moaizabrar/Desktop/UIowa/Uiowa_Fall_2025/SELT/SELT_Project/giftwiseproject-selt_2025_team_06/app/channels/application_cable/channel.rb": {
        "lines": [
          0,
          0,
          0,
          0
        ],
        "branches": {
        }
      },
      "/Users/moaizabrar/Desktop/UIowa/Uiowa_Fall_2025/SELT/SELT_Project/giftwiseproject-selt_2025_team_06/app/channels/application_cable/connection.rb": {
        "lines": [
          0,
          0,
          0,
          0
        ],
        "branches": {
        }
      },
      "/Users/moaizabrar/Desktop/UIowa/Uiowa_Fall_2025/SELT/SELT_Project/giftwiseproject-selt_2025_team_06/app/controllers/sessions_controller.rb": {
        "lines": [
          0,
          0,
          null,
          0,
          null,
          null,
          0,
          null,
          0,
          null,
          null,
          0,
          null,
          0,
          0,
          0,
          0,
          null,
          0,
          null,
          0,
          0,
          null,
          0,
          0,
          0,
          0,
          null,
          null,
          0,
          null,
          0,
          0,
          0,
          0,
          0
        ],
        "branches": {
        }
      },
      "/Users/moaizabrar/Desktop/UIowa/Uiowa_Fall_2025/SELT/SELT_Project/giftwiseproject-selt_2025_team_06/app/controllers/users_controller.rb": {
        "lines": [
          null,
          0,
          0,
          0,
          null,
          null,
          0,
          null,
          0,
          null,
          null,
          null,
          0,
          0,
          null,
          null,
          0,
          0,
          0,
          null,
          null,
          0,
          null,
          0,
          null,
          null,
          0,
          0,
          null,
          0,
          null,
          null,
          0,
          null,
          0,
          null,
          null,
          0,
          0,
          null,
          0,
          null,
          0,
          null,
          0,
          0,
          0,
          null,
          null,
          0,
          0,
          0,
          0,
          0,
          0,
          0,
          0,
          0,
          0,
          0
        ],
        "branches": {
        }
      },
      "/Users/moaizabrar/Desktop/UIowa/Uiowa_Fall_2025/SELT/SELT_Project/giftwiseproject-selt_2025_team_06/app/jobs/application_job.rb": {
        "lines": [
          0,
          null,
          null,
          null,
          null,
          null,
          0
        ],
        "branches": {
        }
      },
      "/Users/moaizabrar/Desktop/UIowa/Uiowa_Fall_2025/SELT/SELT_Project/giftwiseproject-selt_2025_team_06/app/mailers/application_mailer.rb": {
        "lines": [
          0,
          0,
          0,
          0
        ],
        "branches": {
        }
      },
      "/Users/moaizabrar/Desktop/UIowa/Uiowa_Fall_2025/SELT/SELT_Project/giftwiseproject-selt_2025_team_06/app/models/user.rb": {
        "lines": [
          0,
          0,
          null,
          null,
          0,
          null,
          null,
          0,
          0,
          null,
          null,
          0,
          0,
          0,
          0,
          null,
          null,
          0,
          0,
          0,
          0,
          null,
          null,
          0,
          0,
          0,
          0,
          null,
          null,
          null,
          null,
          0,
          0,
          0,
          0
        ],
        "branches": {
        }
      }
    },
    "timestamp": 1763165664
  }
}
